c:\users\drose\documents\visual studio 2013\projects\motioncontrol2\motioncontrol2\debug\vc120.pdb
c:\users\drose\documents\visual studio 2013\projects\motioncontrol2\motioncontrol2\debug\motioncontrol2.obj
c:\users\drose\documents\visual studio 2013\projects\motioncontrol2\motioncontrol2\debug\main.obj
c:\users\drose\documents\visual studio 2013\projects\motioncontrol2\motioncontrol2\debug\handcontrol.obj
c:\users\drose\documents\visual studio 2013\projects\motioncontrol2\motioncontrol2\debug\moc_motioncontrol2.obj
c:\users\drose\documents\visual studio 2013\projects\motioncontrol2\motioncontrol2\debug\moc_handcontrol.obj
c:\users\drose\documents\visual studio 2013\projects\motioncontrol2\motioncontrol2\debug\moc_aspaction.obj
c:\users\drose\documents\visual studio 2013\projects\motioncontrol2\motioncontrol2\debug\aspaction.obj
c:\users\drose\documents\visual studio 2013\projects\motioncontrol2\motioncontrol2\debug\qrc_motioncontrol2.obj
c:\users\drose\documents\visual studio 2013\projects\motioncontrol2\motioncontrol2\generatedfiles\debug\moc_motioncontrol2.cpp
c:\users\drose\documents\visual studio 2013\projects\motioncontrol2\motioncontrol2\generatedfiles\ui_motioncontrol2.h
c:\users\drose\documents\visual studio 2013\projects\motioncontrol2\motioncontrol2\generatedfiles\debug\moc_aspaction.cpp
c:\users\drose\documents\visual studio 2013\projects\motioncontrol2\motioncontrol2\generatedfiles\debug\moc_handcontrol.cpp
c:\users\drose\documents\visual studio 2013\projects\motioncontrol2\motioncontrol2\generatedfiles\qrc_motioncontrol2.cpp
c:\users\drose\documents\visual studio 2013\projects\motioncontrol2\motioncontrol2\generatedfiles\ui_handcontrol.h
c:\users\drose\documents\visual studio 2013\projects\motioncontrol2\motioncontrol2\generatedfiles\ui_aspaction.h
c:\users\drose\documents\visual studio 2013\projects\motioncontrol2\win32\debug\motioncontrol2.ilk
c:\users\drose\documents\visual studio 2013\projects\motioncontrol2\win32\debug\motioncontrol2.exe
c:\users\drose\documents\visual studio 2013\projects\motioncontrol2\win32\debug\motioncontrol2.pdb
c:\users\drose\documents\visual studio 2013\projects\motioncontrol2\motioncontrol2\debug\motioncontrol2.tlog\cl.command.1.tlog
c:\users\drose\documents\visual studio 2013\projects\motioncontrol2\motioncontrol2\debug\motioncontrol2.tlog\cl.read.1.tlog
c:\users\drose\documents\visual studio 2013\projects\motioncontrol2\motioncontrol2\debug\motioncontrol2.tlog\cl.write.1.tlog
c:\users\drose\documents\visual studio 2013\projects\motioncontrol2\motioncontrol2\debug\motioncontrol2.tlog\custombuild.command.1.tlog
c:\users\drose\documents\visual studio 2013\projects\motioncontrol2\motioncontrol2\debug\motioncontrol2.tlog\custombuild.read.1.tlog
c:\users\drose\documents\visual studio 2013\projects\motioncontrol2\motioncontrol2\debug\motioncontrol2.tlog\custombuild.write.1.tlog
c:\users\drose\documents\visual studio 2013\projects\motioncontrol2\motioncontrol2\debug\motioncontrol2.tlog\link.command.1.tlog
c:\users\drose\documents\visual studio 2013\projects\motioncontrol2\motioncontrol2\debug\motioncontrol2.tlog\link.read.1.tlog
c:\users\drose\documents\visual studio 2013\projects\motioncontrol2\motioncontrol2\debug\motioncontrol2.tlog\link.write.1.tlog
