Build started 2018/4/17 22:11:44.
     1>Project "C:\Users\drose\Documents\Visual Studio 2013\Projects\motionControl2\motionControl2\motionControl2.vcxproj" on node 2 (Build target(s)).
     1>CustomBuild:
         Moc'ing motioncontrol2.h...
         Uic'ing motioncontrol2.ui...
         Moc'ing handControl.h...
         Rcc'ing motioncontrol2.qrc...
     1>RCC : warning : No resources in 'C:\Users\drose\Documents\Visual Studio 2013\Projects\motionControl2\motionControl2\motioncontrol2.qrc'.
         
         Uic'ing handControl.ui...
       ClCompile:
         C:\Program Files (x86)\Microsoft Visual Studio 12.0\VC\bin\x86_amd64\CL.exe /c /I.\GeneratedFiles /I. /IC:\Qt\Qt5.6.3\5.6.3\msvc2013_64\include /I.\GeneratedFiles\Release /IC:\Qt\Qt5.6.3\5.6.3\msvc2013_64\include\QtCore /IC:\Qt\Qt5.6.3\5.6.3\msvc2013_64\include\QtGui /IC:\Qt\Qt5.6.3\5.6.3\msvc2013_64\include\QtWidgets /nologo /W1 /WX- /O2 /D UNICODE /D WIN32 /D WIN64 /D QT_DLL /D QT_NO_DEBUG /D NDEBUG /D QT_CORE_LIB /D QT_GUI_LIB /D QT_WIDGETS_LIB /Gm- /EHsc /MD /GS /fp:precise /Zc:wchar_t /Zc:forScope /Fo"x64\Release\\" /Fd"x64\Release\vc120.pdb" /Gd /TP /errorReport:prompt GeneratedFiles\qrc_motioncontrol2.cpp
         qrc_motioncontrol2.cpp
         C:\Program Files (x86)\Microsoft Visual Studio 12.0\VC\bin\x86_amd64\CL.exe /c /I.\GeneratedFiles /I. /IC:\Qt\Qt5.6.3\5.6.3\msvc2013_64\include /I.\GeneratedFiles\Release /IC:\Qt\Qt5.6.3\5.6.3\msvc2013_64\include\QtCore /IC:\Qt\Qt5.6.3\5.6.3\msvc2013_64\include\QtGui /IC:\Qt\Qt5.6.3\5.6.3\msvc2013_64\include\QtWidgets /nologo /W1 /WX- /O2 /D UNICODE /D WIN32 /D WIN64 /D QT_DLL /D QT_NO_DEBUG /D NDEBUG /D QT_CORE_LIB /D QT_GUI_LIB /D QT_WIDGETS_LIB /Gm- /EHsc /MD /GS /fp:precise /Zc:wchar_t /Zc:forScope /Fo"x64\Release\\" /Fd"x64\Release\vc120.pdb" /Gd /TP /errorReport:prompt GeneratedFiles\Release\moc_handControl.cpp GeneratedFiles\Release\moc_motioncontrol2.cpp handControl.cpp main.cpp motioncontrol2.cpp
         moc_handControl.cpp
         moc_motioncontrol2.cpp
         handControl.cpp
         main.cpp
         motioncontrol2.cpp
         Generating Code...
       Link:
         C:\Program Files (x86)\Microsoft Visual Studio 12.0\VC\bin\x86_amd64\link.exe /ERRORREPORT:PROMPT /OUT:"C:\Users\drose\Documents\Visual Studio 2013\Projects\motionControl2\x64\Release\\motionControl2.exe" /NOLOGO /LIBPATH:C:\Qt\Qt5.6.3\5.6.3\msvc2013_64\lib qtmain.lib Qt5Core.lib Qt5Gui.lib Qt5Widgets.lib kernel32.lib user32.lib gdi32.lib winspool.lib comdlg32.lib advapi32.lib shell32.lib ole32.lib oleaut32.lib uuid.lib odbc32.lib odbccp32.lib /MANIFEST /MANIFESTUAC:"level='asInvoker' uiAccess='false'" /manifest:embed /PDB:"C:\Users\drose\Documents\Visual Studio 2013\Projects\motionControl2\x64\Release\motionControl2.pdb" /SUBSYSTEM:WINDOWS /TLBID:1 /DYNAMICBASE /NXCOMPAT /IMPLIB:"C:\Users\drose\Documents\Visual Studio 2013\Projects\motionControl2\x64\Release\motionControl2.lib" /MACHINE:X64 x64\Release\qrc_motioncontrol2.obj
         x64\Release\moc_handControl.obj
         x64\Release\moc_motioncontrol2.obj
         x64\Release\handControl.obj
         x64\Release\main.obj
         x64\Release\motioncontrol2.obj
         motionControl2.vcxproj -> C:\Users\drose\Documents\Visual Studio 2013\Projects\motionControl2\x64\Release\motionControl2.exe
     1>Done Building Project "C:\Users\drose\Documents\Visual Studio 2013\Projects\motionControl2\motionControl2\motionControl2.vcxproj" (Build target(s)).

Build succeeded.

Time Elapsed 00:00:05.81
